31-Mar-2016 11:12:16.703 WARNING [main] org.apache.tomcat.util.digester.SetPropertiesRule.begin [SetPropertiesRule]{Server/Service/Engine/Host/Valve} Setting property 'resolveHosts' to 'false' did not find a matching property.
31-Mar-2016 11:12:16.708 INFO [main] org.apache.catalina.core.AprLifecycleListener.lifecycleEvent The APR based Apache Tomcat Native library which allows optimal performance in production environments was not found on the java.library.path: C:\Program Files\Java\jdk1.8.0_60\jre\bin;C:\Windows\Sun\Java\bin;C:\Windows\system32;C:\Windows;C:\ProgramData\Oracle\Java\javapath;C:\Windows\system32;C:\Windows;C:\Windows\System32\Wbem;C:\Windows\System32\WindowsPowerShell\v1.0\;C:\Program Files\Google\Google Apps Sync\;C:\Program Files\Google\Google Apps Migration\;C:\Program Files\TortoiseSVN\bin;C:\Program Files\Git\cmd;c:\Program Files (x86)\Microsoft SQL Server\100\Tools\Binn\VSShell\Common7\IDE\;c:\Program Files (x86)\Microsoft SQL Server\100\Tools\Binn\;c:\Program Files (x86)\Microsoft SQL Server\100\DTS\Binn\;C:\Program Files\OpenVPN\bin;C:\_MAVEN\bin;C:\Program Files\Aladdin\eToken\PKIClient\x32;C:\Program Files\Aladdin\eToken\PKIClient\x64;C:\_SOFT\apache-ant-1.9.6\bin;C:\Program Files\nodejs\;C:\Program Files (x86)\WinSCP\;C:\Program Files\Java\jdk1.7.0_79\bin;C:\Program Files (x86)\Skype\Phone\;C:\Program Files (x86)\scala\bin;C:\Users\SKupriyanov\AppData\Roaming\npm;.
31-Mar-2016 11:12:16.941 INFO [main] org.apache.coyote.AbstractProtocol.init Initializing ProtocolHandler ["http-nio-8080"]
31-Mar-2016 11:12:17.059 INFO [main] org.apache.tomcat.util.net.NioSelectorPool.getSharedSelector Using a shared selector for servlet write/read
31-Mar-2016 11:12:17.061 INFO [main] org.apache.coyote.AbstractProtocol.init Initializing ProtocolHandler ["ajp-nio-8009"]
31-Mar-2016 11:12:17.063 INFO [main] org.apache.tomcat.util.net.NioSelectorPool.getSharedSelector Using a shared selector for servlet write/read
31-Mar-2016 11:12:17.063 INFO [main] org.apache.catalina.startup.Catalina.load Initialization processed in 705 ms
31-Mar-2016 11:12:17.096 INFO [main] org.apache.catalina.core.StandardService.startInternal Starting service Catalina
31-Mar-2016 11:12:17.096 INFO [main] org.apache.catalina.core.StandardEngine.startInternal Starting Servlet Engine: Apache Tomcat/8.0.23
31-Mar-2016 11:12:17.132 INFO [localhost-startStop-1] org.apache.catalina.startup.HostConfig.deployWAR Deploying web application archive C:\_WORKSPACE\indigo\target\tomcat8x\webapps\cargocpc.war
31-Mar-2016 11:12:17.631 INFO [localhost-startStop-1] org.apache.catalina.startup.HostConfig.deployWAR Deployment of web application archive C:\_WORKSPACE\indigo\target\tomcat8x\webapps\cargocpc.war has finished in 498 ms
31-Mar-2016 11:12:17.631 INFO [localhost-startStop-1] org.apache.catalina.startup.HostConfig.deployWAR Deploying web application archive C:\_WORKSPACE\indigo\target\tomcat8x\webapps\cms.war
31-Mar-2016 11:12:35.786 INFO [localhost-startStop-1] org.apache.catalina.startup.HostConfig.deployWAR Deployment of web application archive C:\_WORKSPACE\indigo\target\tomcat8x\webapps\cms.war has finished in 18,155 ms
31-Mar-2016 11:12:35.787 INFO [localhost-startStop-1] org.apache.catalina.startup.HostConfig.deployWAR Deploying web application archive C:\_WORKSPACE\indigo\target\tomcat8x\webapps\essentials.war
31-Mar-2016 11:12:41.960 INFO [localhost-startStop-1] org.apache.catalina.startup.HostConfig.deployWAR Deployment of web application archive C:\_WORKSPACE\indigo\target\tomcat8x\webapps\essentials.war has finished in 6,173 ms
31-Mar-2016 11:12:41.962 INFO [localhost-startStop-1] org.apache.catalina.startup.HostConfig.deployWAR Deploying web application archive C:\_WORKSPACE\indigo\target\tomcat8x\webapps\site.war
31-Mar-2016 11:12:42.019 INFO [localhost-startStop-1] org.apache.catalina.realm.JAASRealm.setUseContextClassLoader Setting useContextClassLoader = true
31-Mar-2016 11:12:48.493 INFO [localhost-startStop-1] org.apache.catalina.startup.HostConfig.deployWAR Deployment of web application archive C:\_WORKSPACE\indigo\target\tomcat8x\webapps\site.war has finished in 6,531 ms
31-Mar-2016 11:12:48.495 INFO [localhost-startStop-1] org.apache.catalina.startup.HostConfig.deployDirectory Deploying web application directory C:\_WORKSPACE\indigo\target\tomcat8x\webapps\host-manager
31-Mar-2016 11:12:48.574 INFO [localhost-startStop-1] org.apache.catalina.startup.HostConfig.deployDirectory Deployment of web application directory C:\_WORKSPACE\indigo\target\tomcat8x\webapps\host-manager has finished in 78 ms
31-Mar-2016 11:12:48.574 INFO [localhost-startStop-1] org.apache.catalina.startup.HostConfig.deployDirectory Deploying web application directory C:\_WORKSPACE\indigo\target\tomcat8x\webapps\manager
31-Mar-2016 11:12:48.606 INFO [localhost-startStop-1] org.apache.catalina.startup.HostConfig.deployDirectory Deployment of web application directory C:\_WORKSPACE\indigo\target\tomcat8x\webapps\manager has finished in 32 ms
31-Mar-2016 11:12:48.610 INFO [main] org.apache.coyote.AbstractProtocol.start Starting ProtocolHandler ["http-nio-8080"]
31-Mar-2016 11:12:48.618 INFO [main] org.apache.coyote.AbstractProtocol.start Starting ProtocolHandler ["ajp-nio-8009"]
31-Mar-2016 11:12:48.622 INFO [main] org.apache.catalina.startup.Catalina.start Server startup in 31560 ms
