30-Mar-2016 21:45:57.980 WARNING [main] org.apache.tomcat.util.digester.SetPropertiesRule.begin [SetPropertiesRule]{Server/Service/Engine/Host/Valve} Setting property 'resolveHosts' to 'false' did not find a matching property.
30-Mar-2016 21:45:57.988 INFO [main] org.apache.catalina.core.AprLifecycleListener.lifecycleEvent The APR based Apache Tomcat Native library which allows optimal performance in production environments was not found on the java.library.path: C:\Program Files\Java\jdk1.8.0_74\jre\bin;C:\Windows\Sun\Java\bin;C:\Windows\system32;C:\Windows;C:\ProgramData\Oracle\Java\javapath;C:\Windows\system32;C:\Windows;C:\Windows\System32\Wbem;C:\Windows\System32\WindowsPowerShell\v1.0\;C:\Program Files (x86)\Skype\Phone\;C:\Program Files (x86)\NVIDIA Corporation\PhysX\Common;C:\_SOFT\grails-3.1.3\bin;C:\_SOFT\_MAVEN\bin;.
30-Mar-2016 21:45:58.156 INFO [main] org.apache.coyote.AbstractProtocol.init Initializing ProtocolHandler ["http-nio-8080"]
30-Mar-2016 21:45:58.266 INFO [main] org.apache.tomcat.util.net.NioSelectorPool.getSharedSelector Using a shared selector for servlet write/read
30-Mar-2016 21:45:58.270 INFO [main] org.apache.coyote.AbstractProtocol.init Initializing ProtocolHandler ["ajp-nio-8009"]
30-Mar-2016 21:45:58.274 INFO [main] org.apache.tomcat.util.net.NioSelectorPool.getSharedSelector Using a shared selector for servlet write/read
30-Mar-2016 21:45:58.274 INFO [main] org.apache.catalina.startup.Catalina.load Initialization processed in 733 ms
30-Mar-2016 21:45:58.305 INFO [main] org.apache.catalina.core.StandardService.startInternal Starting service Catalina
30-Mar-2016 21:45:58.305 INFO [main] org.apache.catalina.core.StandardEngine.startInternal Starting Servlet Engine: Apache Tomcat/8.0.23
30-Mar-2016 21:45:58.325 INFO [localhost-startStop-1] org.apache.catalina.startup.HostConfig.deployWAR Deploying web application archive C:\_WORKSPACE\indigo\target\tomcat8x\webapps\cargocpc.war
30-Mar-2016 21:45:58.882 INFO [localhost-startStop-1] org.apache.catalina.startup.HostConfig.deployWAR Deployment of web application archive C:\_WORKSPACE\indigo\target\tomcat8x\webapps\cargocpc.war has finished in 556 ms
30-Mar-2016 21:45:58.886 INFO [localhost-startStop-1] org.apache.catalina.startup.HostConfig.deployWAR Deploying web application archive C:\_WORKSPACE\indigo\target\tomcat8x\webapps\cms.war
30-Mar-2016 21:46:26.635 INFO [localhost-startStop-1] org.apache.catalina.startup.HostConfig.deployWAR Deployment of web application archive C:\_WORKSPACE\indigo\target\tomcat8x\webapps\cms.war has finished in 27,749 ms
30-Mar-2016 21:46:26.637 INFO [localhost-startStop-1] org.apache.catalina.startup.HostConfig.deployWAR Deploying web application archive C:\_WORKSPACE\indigo\target\tomcat8x\webapps\essentials.war
30-Mar-2016 21:46:38.614 INFO [localhost-startStop-1] org.apache.catalina.startup.HostConfig.deployWAR Deployment of web application archive C:\_WORKSPACE\indigo\target\tomcat8x\webapps\essentials.war has finished in 11,976 ms
30-Mar-2016 21:46:38.620 INFO [localhost-startStop-1] org.apache.catalina.startup.HostConfig.deployWAR Deploying web application archive C:\_WORKSPACE\indigo\target\tomcat8x\webapps\site.war
30-Mar-2016 21:46:38.627 INFO [localhost-startStop-1] org.apache.catalina.realm.JAASRealm.setUseContextClassLoader Setting useContextClassLoader = true
30-Mar-2016 21:46:50.128 INFO [localhost-startStop-1] org.apache.catalina.startup.HostConfig.deployWAR Deployment of web application archive C:\_WORKSPACE\indigo\target\tomcat8x\webapps\site.war has finished in 11,508 ms
30-Mar-2016 21:46:50.133 INFO [localhost-startStop-1] org.apache.catalina.startup.HostConfig.deployDirectory Deploying web application directory C:\_WORKSPACE\indigo\target\tomcat8x\webapps\host-manager
30-Mar-2016 21:46:50.257 INFO [localhost-startStop-1] org.apache.catalina.startup.HostConfig.deployDirectory Deployment of web application directory C:\_WORKSPACE\indigo\target\tomcat8x\webapps\host-manager has finished in 123 ms
30-Mar-2016 21:46:50.257 INFO [localhost-startStop-1] org.apache.catalina.startup.HostConfig.deployDirectory Deploying web application directory C:\_WORKSPACE\indigo\target\tomcat8x\webapps\manager
30-Mar-2016 21:46:50.352 INFO [localhost-startStop-1] org.apache.catalina.startup.HostConfig.deployDirectory Deployment of web application directory C:\_WORKSPACE\indigo\target\tomcat8x\webapps\manager has finished in 95 ms
30-Mar-2016 21:46:50.366 INFO [main] org.apache.coyote.AbstractProtocol.start Starting ProtocolHandler ["http-nio-8080"]
30-Mar-2016 21:46:50.405 INFO [main] org.apache.coyote.AbstractProtocol.start Starting ProtocolHandler ["ajp-nio-8009"]
30-Mar-2016 21:46:50.414 INFO [main] org.apache.catalina.startup.Catalina.start Server startup in 52140 ms
